<?xml version="1.0" encoding="UTF-8"?>
<testsuite xmlns:xsi="http://www.w3.org/2001/XMLSchema-instance" xsi:noNamespaceSchemaLocation="https://maven.apache.org/surefire/maven-surefire-plugin/xsd/surefire-test-report-3.0.xsd" version="3.0" name="fenix.ProcesadorUsuariosTest" time="0.033" tests="1" errors="1" skipped="0" failures="0">
  <properties>
[...]
</properties>
  <testcase name="testProcesarListaComportamientoActual" classname="fenix.ProcesadorUsuariosTest" time="0.018">
    <error message="Unimplemented method &apos;procesarLista&apos;" type="java.lang.UnsupportedOperationException"><![CDATA[java.lang.UnsupportedOperationException: Unimplemented method 'procesarLista'
	at fenix.ProcesadorUsuarios.procesarLista(ProcesadorUsuarios.java:9)
	at fenix.ProcesadorUsuariosTest.testProcesarListaComportamientoActual(ProcesadorUsuariosTest.java:14)
	at java.base/java.lang.reflect.Method.invoke(Method.java:580)
	at java.base/java.util.ArrayList.forEach(ArrayList.java:1596)
	at java.base/java.util.ArrayList.forEach(ArrayList.java:1596)
]]></error>
  </testcase>
</testsuite>